<?xml version="1.0" encoding="UTF-8"?>
<coverage generated="1762095925209" clover="3.2.0">
  <project timestamp="1762095925209" name="All files">
    <metrics statements="231" coveredstatements="210" conditionals="117" coveredconditionals="91" methods="38" coveredmethods="35" elements="386" coveredelements="336" complexity="0" loc="231" ncloc="231" packages="3" files="3" classes="3"/>
    <package name="audio">
      <metrics statements="63" coveredstatements="50" conditionals="40" coveredconditionals="22" methods="7" coveredmethods="7"/>
      <file name="AudioEngine.js" path="/home/runner/work/neural-entrainment-system/neural-entrainment-system/src/audio/AudioEngine.js">
        <metrics statements="63" coveredstatements="50" conditionals="40" coveredconditionals="22" methods="7" coveredmethods="7"/>
        <line num="15" count="36" type="stmt"/>
        <line num="16" count="36" type="stmt"/>
        <line num="17" count="36" type="stmt"/>
        <line num="18" count="36" type="stmt"/>
        <line num="19" count="36" type="stmt"/>
        <line num="28" count="29" type="cond" truecount="2" falsecount="0"/>
        <line num="29" count="1" type="stmt"/>
        <line num="30" count="1" type="stmt"/>
        <line num="33" count="28" type="stmt"/>
        <line num="35" count="28" type="cond" truecount="1" falsecount="1"/>
        <line num="36" count="28" type="cond" truecount="1" falsecount="1"/>
        <line num="37" count="0" type="stmt"/>
        <line num="40" count="28" type="stmt"/>
        <line num="43" count="5" type="stmt"/>
        <line num="44" count="5" type="stmt"/>
        <line num="47" count="5" type="stmt"/>
        <line num="48" count="5" type="stmt"/>
        <line num="51" count="5" type="stmt"/>
        <line num="54" count="5" type="stmt"/>
        <line num="55" count="5" type="stmt"/>
        <line num="58" count="5" type="stmt"/>
        <line num="60" count="5" type="stmt"/>
        <line num="61" count="5" type="stmt"/>
        <line num="62" count="5" type="stmt"/>
        <line num="65" count="23" type="stmt"/>
        <line num="66" count="23" type="stmt"/>
        <line num="67" count="23" type="stmt"/>
        <line num="68" count="23" type="stmt"/>
        <line num="78" count="9" type="cond" truecount="2" falsecount="2"/>
        <line num="79" count="9" type="stmt"/>
        <line num="80" count="9" type="stmt"/>
        <line num="83" count="0" type="cond" truecount="0" falsecount="4"/>
        <line num="84" count="0" type="stmt"/>
        <line num="87" count="0" type="stmt"/>
        <line num="88" count="0" type="stmt"/>
        <line num="89" count="0" type="stmt"/>
        <line num="98" count="8" type="cond" truecount="2" falsecount="2"/>
        <line num="99" count="8" type="stmt"/>
        <line num="100" count="8" type="stmt"/>
        <line num="103" count="0" type="cond" truecount="0" falsecount="4"/>
        <line num="104" count="0" type="stmt"/>
        <line num="107" count="0" type="stmt"/>
        <line num="108" count="0" type="stmt"/>
        <line num="110" count="0" type="stmt"/>
        <line num="111" count="0" type="stmt"/>
        <line num="119" count="4" type="stmt"/>
        <line num="121" count="4" type="cond" truecount="3" falsecount="1"/>
        <line num="122" count="0" type="stmt"/>
        <line num="131" count="2" type="stmt"/>
        <line num="143" count="9" type="cond" truecount="2" falsecount="0"/>
        <line num="144" count="5" type="stmt"/>
        <line num="145" count="5" type="stmt"/>
        <line num="149" count="5" type="stmt"/>
        <line num="150" count="5" type="stmt"/>
        <line num="153" count="9" type="cond" truecount="2" falsecount="0"/>
        <line num="154" count="5" type="stmt"/>
        <line num="155" count="5" type="stmt"/>
        <line num="158" count="9" type="cond" truecount="2" falsecount="0"/>
        <line num="159" count="5" type="stmt"/>
        <line num="160" count="5" type="stmt"/>
        <line num="163" count="9" type="stmt"/>
        <line num="168" count="1" type="cond" truecount="3" falsecount="1"/>
        <line num="169" count="1" type="stmt"/>
      </file>
    </package>
    <package name="session">
      <metrics statements="102" coveredstatements="96" conditionals="49" coveredconditionals="42" methods="17" coveredmethods="17"/>
      <file name="SessionManager.js" path="/home/runner/work/neural-entrainment-system/neural-entrainment-system/src/session/SessionManager.js">
        <metrics statements="102" coveredstatements="96" conditionals="49" coveredconditionals="42" methods="17" coveredmethods="17"/>
        <line num="26" count="47" type="stmt"/>
        <line num="27" count="47" type="stmt"/>
        <line num="28" count="47" type="stmt"/>
        <line num="29" count="47" type="stmt"/>
        <line num="30" count="47" type="stmt"/>
        <line num="31" count="47" type="stmt"/>
        <line num="37" count="47" type="stmt"/>
        <line num="95" count="29" type="cond" truecount="2" falsecount="0"/>
        <line num="96" count="1" type="stmt"/>
        <line num="97" count="1" type="stmt"/>
        <line num="100" count="28" type="stmt"/>
        <line num="101" count="28" type="stmt"/>
        <line num="102" count="28" type="stmt"/>
        <line num="103" count="28" type="stmt"/>
        <line num="104" count="28" type="stmt"/>
        <line num="106" count="28" type="stmt"/>
        <line num="107" count="28" type="stmt"/>
        <line num="115" count="7" type="cond" truecount="4" falsecount="0"/>
        <line num="116" count="2" type="stmt"/>
        <line num="119" count="5" type="stmt"/>
        <line num="120" count="5" type="stmt"/>
        <line num="121" count="5" type="stmt"/>
        <line num="129" count="4" type="cond" truecount="4" falsecount="0"/>
        <line num="130" count="2" type="stmt"/>
        <line num="133" count="2" type="stmt"/>
        <line num="134" count="2" type="stmt"/>
        <line num="135" count="2" type="stmt"/>
        <line num="143" count="4" type="cond" truecount="2" falsecount="0"/>
        <line num="144" count="1" type="stmt"/>
        <line num="147" count="3" type="stmt"/>
        <line num="148" count="3" type="stmt"/>
        <line num="149" count="3" type="stmt"/>
        <line num="150" count="3" type="stmt"/>
        <line num="151" count="3" type="stmt"/>
        <line num="153" count="3" type="stmt"/>
        <line num="154" count="3" type="stmt"/>
        <line num="162" count="35" type="cond" truecount="2" falsecount="0"/>
        <line num="163" count="1" type="stmt"/>
        <line num="164" count="1" type="stmt"/>
        <line num="167" count="34" type="stmt"/>
        <line num="169" count="34" type="cond" truecount="2" falsecount="0"/>
        <line num="170" count="1" type="stmt"/>
        <line num="171" count="1" type="stmt"/>
        <line num="174" count="33" type="stmt"/>
        <line num="175" count="33" type="stmt"/>
        <line num="176" count="33" type="stmt"/>
        <line num="178" count="33" type="stmt"/>
        <line num="186" count="38" type="cond" truecount="4" falsecount="0"/>
        <line num="187" count="3" type="stmt"/>
        <line num="189" count="35" type="stmt"/>
        <line num="197" count="25" type="stmt"/>
        <line num="198" count="25" type="cond" truecount="2" falsecount="0"/>
        <line num="200" count="23" type="stmt"/>
        <line num="208" count="22" type="cond" truecount="1" falsecount="1"/>
        <line num="209" count="22" type="stmt"/>
        <line num="217" count="19" type="stmt"/>
        <line num="218" count="19" type="cond" truecount="2" falsecount="0"/>
        <line num="220" count="18" type="stmt"/>
        <line num="221" count="18" type="stmt"/>
        <line num="229" count="7" type="stmt"/>
        <line num="230" count="7" type="cond" truecount="1" falsecount="1"/>
        <line num="232" count="7" type="stmt"/>
        <line num="233" count="7" type="stmt"/>
        <line num="235" count="7" type="cond" truecount="2" falsecount="0"/>
        <line num="236" count="4" type="cond" truecount="2" falsecount="0"/>
        <line num="238" count="3" type="stmt"/>
        <line num="239" count="1" type="cond" truecount="1" falsecount="1"/>
        <line num="241" count="1" type="cond" truecount="1" falsecount="1"/>
        <line num="242" count="1" type="stmt"/>
        <line num="244" count="0" type="stmt"/>
        <line num="250" count="3" type="stmt"/>
        <line num="258" count="4" type="cond" truecount="1" falsecount="1"/>
        <line num="259" count="4" type="stmt"/>
        <line num="267" count="6" type="cond" truecount="4" falsecount="0"/>
        <line num="269" count="5" type="stmt"/>
        <line num="270" count="5" type="stmt"/>
        <line num="278" count="3" type="stmt"/>
        <line num="279" count="3" type="stmt"/>
        <line num="288" count="3" type="stmt"/>
        <line num="289" count="3" type="stmt"/>
        <line num="291" count="0" type="stmt"/>
        <line num="292" count="0" type="stmt"/>
        <line num="301" count="1" type="stmt"/>
        <line num="302" count="1" type="stmt"/>
        <line num="303" count="1" type="cond" truecount="1" falsecount="1"/>
        <line num="305" count="1" type="stmt"/>
        <line num="307" count="1" type="stmt"/>
        <line num="308" count="1" type="stmt"/>
        <line num="309" count="1" type="stmt"/>
        <line num="310" count="1" type="stmt"/>
        <line num="311" count="1" type="stmt"/>
        <line num="312" count="1" type="stmt"/>
        <line num="314" count="1" type="stmt"/>
        <line num="315" count="1" type="stmt"/>
        <line num="317" count="0" type="stmt"/>
        <line num="318" count="0" type="stmt"/>
        <line num="326" count="1" type="stmt"/>
        <line num="327" count="1" type="stmt"/>
        <line num="329" count="0" type="stmt"/>
        <line num="338" count="4" type="stmt"/>
        <line num="353" count="1" type="cond" truecount="3" falsecount="1"/>
        <line num="354" count="1" type="stmt"/>
      </file>
    </package>
    <package name="visualization">
      <metrics statements="66" coveredstatements="64" conditionals="28" coveredconditionals="27" methods="14" coveredmethods="11"/>
      <file name="VisualizationEngine.js" path="/home/runner/work/neural-entrainment-system/neural-entrainment-system/src/visualization/VisualizationEngine.js">
        <metrics statements="66" coveredstatements="64" conditionals="28" coveredconditionals="27" methods="14" coveredmethods="11"/>
        <line num="16" count="46" type="cond" truecount="2" falsecount="0"/>
        <line num="17" count="1" type="stmt"/>
        <line num="20" count="45" type="stmt"/>
        <line num="21" count="45" type="stmt"/>
        <line num="22" count="45" type="stmt"/>
        <line num="23" count="45" type="stmt"/>
        <line num="24" count="45" type="stmt"/>
        <line num="25" count="45" type="stmt"/>
        <line num="30" count="45" type="stmt"/>
        <line num="38" count="5" type="stmt"/>
        <line num="39" count="5" type="stmt"/>
        <line num="40" count="5" type="stmt"/>
        <line num="41" count="5" type="stmt"/>
        <line num="42" count="5" type="stmt"/>
        <line num="44" count="0" type="stmt"/>
        <line num="45" count="0" type="stmt"/>
        <line num="53" count="7" type="cond" truecount="2" falsecount="0"/>
        <line num="55" count="6" type="stmt"/>
        <line num="56" count="6" type="stmt"/>
        <line num="63" count="9" type="cond" truecount="2" falsecount="0"/>
        <line num="64" count="1" type="stmt"/>
        <line num="65" count="1" type="stmt"/>
        <line num="68" count="8" type="stmt"/>
        <line num="69" count="8" type="stmt"/>
        <line num="70" count="8" type="stmt"/>
        <line num="77" count="53" type="stmt"/>
        <line num="78" count="53" type="cond" truecount="2" falsecount="0"/>
        <line num="79" count="10" type="stmt"/>
        <line num="80" count="10" type="stmt"/>
        <line num="89" count="11" type="cond" truecount="2" falsecount="0"/>
        <line num="91" count="10" type="stmt"/>
        <line num="92" count="10" type="stmt"/>
        <line num="93" count="10" type="stmt"/>
        <line num="102" count="18" type="cond" truecount="2" falsecount="0"/>
        <line num="104" count="17" type="stmt"/>
        <line num="105" count="17" type="stmt"/>
        <line num="108" count="17" type="stmt"/>
        <line num="109" count="17" type="stmt"/>
        <line num="112" count="17" type="cond" truecount="2" falsecount="0"/>
        <line num="113" count="17" type="cond" truecount="2" falsecount="0"/>
        <line num="116" count="17" type="stmt"/>
        <line num="117" count="950" type="stmt"/>
        <line num="118" count="950" type="stmt"/>
        <line num="119" count="950" type="stmt"/>
        <line num="120" count="950" type="stmt"/>
        <line num="121" count="950" type="stmt"/>
        <line num="123" count="950" type="stmt"/>
        <line num="124" count="950" type="stmt"/>
        <line num="126" count="950" type="stmt"/>
        <line num="127" count="950" type="stmt"/>
        <line num="128" count="950" type="stmt"/>
        <line num="129" count="950" type="stmt"/>
        <line num="141" count="12" type="cond" truecount="2" falsecount="0"/>
        <line num="142" count="6" type="stmt"/>
        <line num="144" count="12" type="cond" truecount="2" falsecount="0"/>
        <line num="145" count="4" type="stmt"/>
        <line num="147" count="12" type="cond" truecount="2" falsecount="0"/>
        <line num="148" count="4" type="stmt"/>
        <line num="157" count="6" type="stmt"/>
        <line num="165" count="5" type="stmt"/>
        <line num="180" count="49" type="stmt"/>
        <line num="181" count="49" type="stmt"/>
        <line num="183" count="49" type="cond" truecount="2" falsecount="0"/>
        <line num="184" count="46" type="stmt"/>
        <line num="190" count="1" type="cond" truecount="3" falsecount="1"/>
        <line num="191" count="1" type="stmt"/>
      </file>
    </package>
  </project>
</coverage>
