{"/home/runner/work/neural-entrainment-system/neural-entrainment-system/src/audio/AudioEngine.js": {"path":"/home/runner/work/neural-entrainment-system/neural-entrainment-system/src/audio/AudioEngine.js","statementMap":{"0":{"start":{"line":15,"column":4},"end":{"line":15,"column":29}},"1":{"start":{"line":16,"column":4},"end":{"line":16,"column":27}},"2":{"start":{"line":17,"column":4},"end":{"line":17,"column":25}},"3":{"start":{"line":18,"column":4},"end":{"line":18,"column":31}},"4":{"start":{"line":19,"column":4},"end":{"line":19,"column":26}},"5":{"start":{"line":28,"column":4},"end":{"line":31,"column":5}},"6":{"start":{"line":29,"column":6},"end":{"line":29,"column":68}},"7":{"start":{"line":30,"column":6},"end":{"line":30,"column":19}},"8":{"start":{"line":33,"column":4},"end":{"line":69,"column":5}},"9":{"start":{"line":35,"column":27},"end":{"line":35,"column":75}},"10":{"start":{"line":36,"column":6},"end":{"line":38,"column":7}},"11":{"start":{"line":37,"column":8},"end":{"line":37,"column":55}},"12":{"start":{"line":40,"column":6},"end":{"line":40,"column":45}},"13":{"start":{"line":43,"column":6},"end":{"line":43,"column":61}},"14":{"start":{"line":44,"column":6},"end":{"line":44,"column":53}},"15":{"start":{"line":47,"column":6},"end":{"line":47,"column":36}},"16":{"start":{"line":48,"column":6},"end":{"line":48,"column":44}},"17":{"start":{"line":51,"column":6},"end":{"line":51,"column":35}},"18":{"start":{"line":54,"column":6},"end":{"line":54,"column":45}},"19":{"start":{"line":55,"column":6},"end":{"line":55,"column":59}},"20":{"start":{"line":58,"column":6},"end":{"line":58,"column":30}},"21":{"start":{"line":60,"column":6},"end":{"line":60,"column":32}},"22":{"start":{"line":61,"column":6},"end":{"line":61,"column":59}},"23":{"start":{"line":62,"column":6},"end":{"line":62,"column":18}},"24":{"start":{"line":65,"column":6},"end":{"line":65,"column":69}},"25":{"start":{"line":66,"column":6},"end":{"line":66,"column":29}},"26":{"start":{"line":67,"column":6},"end":{"line":67,"column":33}},"27":{"start":{"line":68,"column":6},"end":{"line":68,"column":19}},"28":{"start":{"line":78,"column":4},"end":{"line":81,"column":5}},"29":{"start":{"line":79,"column":6},"end":{"line":79,"column":63}},"30":{"start":{"line":80,"column":6},"end":{"line":80,"column":13}},"31":{"start":{"line":83,"column":4},"end":{"line":85,"column":5}},"32":{"start":{"line":84,"column":6},"end":{"line":84,"column":56}},"33":{"start":{"line":87,"column":16},"end":{"line":87,"column":45}},"34":{"start":{"line":88,"column":4},"end":{"line":88,"column":50}},"35":{"start":{"line":89,"column":4},"end":{"line":89,"column":66}},"36":{"start":{"line":98,"column":4},"end":{"line":101,"column":5}},"37":{"start":{"line":99,"column":6},"end":{"line":99,"column":71}},"38":{"start":{"line":100,"column":6},"end":{"line":100,"column":13}},"39":{"start":{"line":103,"column":4},"end":{"line":105,"column":5}},"40":{"start":{"line":104,"column":6},"end":{"line":104,"column":81}},"41":{"start":{"line":107,"column":16},"end":{"line":107,"column":45}},"42":{"start":{"line":108,"column":28},"end":{"line":108,"column":43}},"43":{"start":{"line":110,"column":4},"end":{"line":110,"column":57}},"44":{"start":{"line":111,"column":4},"end":{"line":111,"column":82}},"45":{"start":{"line":119,"column":4},"end":{"line":119,"column":29}},"46":{"start":{"line":121,"column":4},"end":{"line":123,"column":5}},"47":{"start":{"line":122,"column":6},"end":{"line":122,"column":24}},"48":{"start":{"line":131,"column":4},"end":{"line":136,"column":6}},"49":{"start":{"line":143,"column":4},"end":{"line":151,"column":5}},"50":{"start":{"line":144,"column":6},"end":{"line":148,"column":7}},"51":{"start":{"line":145,"column":8},"end":{"line":145,"column":31}},"52":{"start":{"line":149,"column":6},"end":{"line":149,"column":35}},"53":{"start":{"line":150,"column":6},"end":{"line":150,"column":29}},"54":{"start":{"line":153,"column":4},"end":{"line":156,"column":5}},"55":{"start":{"line":154,"column":6},"end":{"line":154,"column":33}},"56":{"start":{"line":155,"column":6},"end":{"line":155,"column":27}},"57":{"start":{"line":158,"column":4},"end":{"line":161,"column":5}},"58":{"start":{"line":159,"column":6},"end":{"line":159,"column":32}},"59":{"start":{"line":160,"column":6},"end":{"line":160,"column":31}},"60":{"start":{"line":163,"column":4},"end":{"line":163,"column":31}},"61":{"start":{"line":168,"column":0},"end":{"line":170,"column":1}},"62":{"start":{"line":169,"column":2},"end":{"line":169,"column":31}}},"fnMap":{"0":{"name":"(anonymous_0)","decl":{"start":{"line":14,"column":2},"end":{"line":14,"column":3}},"loc":{"start":{"line":14,"column":16},"end":{"line":20,"column":3}},"line":14},"1":{"name":"(anonymous_1)","decl":{"start":{"line":27,"column":2},"end":{"line":27,"column":3}},"loc":{"start":{"line":27,"column":21},"end":{"line":70,"column":3}},"line":27},"2":{"name":"(anonymous_2)","decl":{"start":{"line":77,"column":2},"end":{"line":77,"column":3}},"loc":{"start":{"line":77,"column":20},"end":{"line":90,"column":3}},"line":77},"3":{"name":"(anonymous_3)","decl":{"start":{"line":97,"column":2},"end":{"line":97,"column":3}},"loc":{"start":{"line":97,"column":30},"end":{"line":112,"column":3}},"line":97},"4":{"name":"(anonymous_4)","decl":{"start":{"line":118,"column":2},"end":{"line":118,"column":3}},"loc":{"start":{"line":118,"column":22},"end":{"line":124,"column":3}},"line":118},"5":{"name":"(anonymous_5)","decl":{"start":{"line":130,"column":2},"end":{"line":130,"column":3}},"loc":{"start":{"line":130,"column":13},"end":{"line":137,"column":3}},"line":130},"6":{"name":"(anonymous_6)","decl":{"start":{"line":142,"column":2},"end":{"line":142,"column":3}},"loc":{"start":{"line":142,"column":12},"end":{"line":164,"column":3}},"line":142}},"branchMap":{"0":{"loc":{"start":{"line":28,"column":4},"end":{"line":31,"column":5}},"type":"if","locations":[{"start":{"line":28,"column":4},"end":{"line":31,"column":5}},{"start":{},"end":{}}],"line":28},"1":{"loc":{"start":{"line":35,"column":27},"end":{"line":35,"column":75}},"type":"binary-expr","locations":[{"start":{"line":35,"column":27},"end":{"line":35,"column":46}},{"start":{"line":35,"column":50},"end":{"line":35,"column":75}}],"line":35},"2":{"loc":{"start":{"line":36,"column":6},"end":{"line":38,"column":7}},"type":"if","locations":[{"start":{"line":36,"column":6},"end":{"line":38,"column":7}},{"start":{},"end":{}}],"line":36},"3":{"loc":{"start":{"line":78,"column":4},"end":{"line":81,"column":5}},"type":"if","locations":[{"start":{"line":78,"column":4},"end":{"line":81,"column":5}},{"start":{},"end":{}}],"line":78},"4":{"loc":{"start":{"line":78,"column":8},"end":{"line":78,"column":45}},"type":"binary-expr","locations":[{"start":{"line":78,"column":8},"end":{"line":78,"column":27}},{"start":{"line":78,"column":31},"end":{"line":78,"column":45}}],"line":78},"5":{"loc":{"start":{"line":83,"column":4},"end":{"line":85,"column":5}},"type":"if","locations":[{"start":{"line":83,"column":4},"end":{"line":85,"column":5}},{"start":{},"end":{}}],"line":83},"6":{"loc":{"start":{"line":83,"column":8},"end":{"line":83,"column":32}},"type":"binary-expr","locations":[{"start":{"line":83,"column":8},"end":{"line":83,"column":18}},{"start":{"line":83,"column":22},"end":{"line":83,"column":32}}],"line":83},"7":{"loc":{"start":{"line":98,"column":4},"end":{"line":101,"column":5}},"type":"if","locations":[{"start":{"line":98,"column":4},"end":{"line":101,"column":5}},{"start":{},"end":{}}],"line":98},"8":{"loc":{"start":{"line":98,"column":8},"end":{"line":98,"column":47}},"type":"binary-expr","locations":[{"start":{"line":98,"column":8},"end":{"line":98,"column":27}},{"start":{"line":98,"column":31},"end":{"line":98,"column":47}}],"line":98},"9":{"loc":{"start":{"line":103,"column":4},"end":{"line":105,"column":5}},"type":"if","locations":[{"start":{"line":103,"column":4},"end":{"line":105,"column":5}},{"start":{},"end":{}}],"line":103},"10":{"loc":{"start":{"line":103,"column":8},"end":{"line":103,"column":41}},"type":"binary-expr","locations":[{"start":{"line":103,"column":8},"end":{"line":103,"column":23}},{"start":{"line":103,"column":27},"end":{"line":103,"column":41}}],"line":103},"11":{"loc":{"start":{"line":121,"column":4},"end":{"line":123,"column":5}},"type":"if","locations":[{"start":{"line":121,"column":4},"end":{"line":123,"column":5}},{"start":{},"end":{}}],"line":121},"12":{"loc":{"start":{"line":121,"column":8},"end":{"line":121,"column":38}},"type":"binary-expr","locations":[{"start":{"line":121,"column":8},"end":{"line":121,"column":16}},{"start":{"line":121,"column":20},"end":{"line":121,"column":38}}],"line":121},"13":{"loc":{"start":{"line":134,"column":21},"end":{"line":134,"column":65}},"type":"cond-expr","locations":[{"start":{"line":134,"column":37},"end":{"line":134,"column":61}},{"start":{"line":134,"column":64},"end":{"line":134,"column":65}}],"line":134},"14":{"loc":{"start":{"line":135,"column":24},"end":{"line":135,"column":77}},"type":"cond-expr","locations":[{"start":{"line":135,"column":42},"end":{"line":135,"column":73}},{"start":{"line":135,"column":76},"end":{"line":135,"column":77}}],"line":135},"15":{"loc":{"start":{"line":143,"column":4},"end":{"line":151,"column":5}},"type":"if","locations":[{"start":{"line":143,"column":4},"end":{"line":151,"column":5}},{"start":{},"end":{}}],"line":143},"16":{"loc":{"start":{"line":153,"column":4},"end":{"line":156,"column":5}},"type":"if","locations":[{"start":{"line":153,"column":4},"end":{"line":156,"column":5}},{"start":{},"end":{}}],"line":153},"17":{"loc":{"start":{"line":158,"column":4},"end":{"line":161,"column":5}},"type":"if","locations":[{"start":{"line":158,"column":4},"end":{"line":161,"column":5}},{"start":{},"end":{}}],"line":158},"18":{"loc":{"start":{"line":168,"column":0},"end":{"line":170,"column":1}},"type":"if","locations":[{"start":{"line":168,"column":0},"end":{"line":170,"column":1}},{"start":{},"end":{}}],"line":168},"19":{"loc":{"start":{"line":168,"column":4},"end":{"line":168,"column":51}},"type":"binary-expr","locations":[{"start":{"line":168,"column":4},"end":{"line":168,"column":33}},{"start":{"line":168,"column":37},"end":{"line":168,"column":51}}],"line":168}},"s":{"0":36,"1":36,"2":36,"3":36,"4":36,"5":29,"6":1,"7":1,"8":28,"9":28,"10":28,"11":0,"12":28,"13":5,"14":5,"15":5,"16":5,"17":5,"18":5,"19":5,"20":5,"21":5,"22":5,"23":5,"24":23,"25":23,"26":23,"27":23,"28":9,"29":9,"30":9,"31":0,"32":0,"33":0,"34":0,"35":0,"36":8,"37":8,"38":8,"39":0,"40":0,"41":0,"42":0,"43":0,"44":0,"45":4,"46":4,"47":0,"48":2,"49":9,"50":5,"51":5,"52":5,"53":5,"54":9,"55":5,"56":5,"57":9,"58":5,"59":5,"60":9,"61":1,"62":1},"f":{"0":36,"1":29,"2":9,"3":8,"4":4,"5":2,"6":9},"b":{"0":[1,28],"1":[28,0],"2":[0,28],"3":[9,0],"4":[9,0],"5":[0,0],"6":[0,0],"7":[8,0],"8":[8,0],"9":[0,0],"10":[0,0],"11":[0,4],"12":[4,3],"13":[0,2],"14":[0,2],"15":[5,4],"16":[5,4],"17":[5,4],"18":[1,0],"19":[1,1]},"_coverageSchema":"1a1c01bbd47fc00a2c39e90264f33305004495a9","hash":"9d2e6e991ea566966815bc411ced551fb15470e3"}
,"/home/runner/work/neural-entrainment-system/neural-entrainment-system/src/session/SessionManager.js": {"path":"/home/runner/work/neural-entrainment-system/neural-entrainment-system/src/session/SessionManager.js","statementMap":{"0":{"start":{"line":26,"column":4},"end":{"line":26,"column":31}},"1":{"start":{"line":27,"column":4},"end":{"line":27,"column":31}},"2":{"start":{"line":28,"column":4},"end":{"line":28,"column":32}},"3":{"start":{"line":29,"column":4},"end":{"line":29,"column":33}},"4":{"start":{"line":30,"column":4},"end":{"line":30,"column":30}},"5":{"start":{"line":31,"column":4},"end":{"line":31,"column":31}},"6":{"start":{"line":37,"column":4},"end":{"line":86,"column":6}},"7":{"start":{"line":95,"column":4},"end":{"line":98,"column":5}},"8":{"start":{"line":96,"column":6},"end":{"line":96,"column":45}},"9":{"start":{"line":97,"column":6},"end":{"line":97,"column":19}},"10":{"start":{"line":100,"column":4},"end":{"line":100,"column":36}},"11":{"start":{"line":101,"column":4},"end":{"line":101,"column":30}},"12":{"start":{"line":102,"column":4},"end":{"line":102,"column":31}},"13":{"start":{"line":103,"column":4},"end":{"line":103,"column":39}},"14":{"start":{"line":104,"column":4},"end":{"line":104,"column":32}},"15":{"start":{"line":106,"column":4},"end":{"line":106,"column":56}},"16":{"start":{"line":107,"column":4},"end":{"line":107,"column":16}},"17":{"start":{"line":115,"column":4},"end":{"line":117,"column":5}},"18":{"start":{"line":116,"column":6},"end":{"line":116,"column":19}},"19":{"start":{"line":119,"column":4},"end":{"line":119,"column":30}},"20":{"start":{"line":120,"column":4},"end":{"line":120,"column":34}},"21":{"start":{"line":121,"column":4},"end":{"line":121,"column":16}},"22":{"start":{"line":129,"column":4},"end":{"line":131,"column":5}},"23":{"start":{"line":130,"column":6},"end":{"line":130,"column":19}},"24":{"start":{"line":133,"column":4},"end":{"line":133,"column":31}},"25":{"start":{"line":134,"column":4},"end":{"line":134,"column":35}},"26":{"start":{"line":135,"column":4},"end":{"line":135,"column":16}},"27":{"start":{"line":143,"column":4},"end":{"line":145,"column":5}},"28":{"start":{"line":144,"column":6},"end":{"line":144,"column":19}},"29":{"start":{"line":147,"column":4},"end":{"line":147,"column":31}},"30":{"start":{"line":148,"column":4},"end":{"line":148,"column":31}},"31":{"start":{"line":149,"column":4},"end":{"line":149,"column":32}},"32":{"start":{"line":150,"column":4},"end":{"line":150,"column":33}},"33":{"start":{"line":151,"column":4},"end":{"line":151,"column":31}},"34":{"start":{"line":153,"column":4},"end":{"line":153,"column":35}},"35":{"start":{"line":154,"column":4},"end":{"line":154,"column":16}},"36":{"start":{"line":162,"column":4},"end":{"line":165,"column":5}},"37":{"start":{"line":163,"column":6},"end":{"line":163,"column":62}},"38":{"start":{"line":164,"column":6},"end":{"line":164,"column":18}},"39":{"start":{"line":167,"column":4},"end":{"line":167,"column":29}},"40":{"start":{"line":169,"column":4},"end":{"line":172,"column":5}},"41":{"start":{"line":170,"column":6},"end":{"line":170,"column":41}},"42":{"start":{"line":171,"column":6},"end":{"line":171,"column":18}},"43":{"start":{"line":174,"column":4},"end":{"line":174,"column":37}},"44":{"start":{"line":175,"column":18},"end":{"line":175,"column":53}},"45":{"start":{"line":176,"column":4},"end":{"line":176,"column":82}},"46":{"start":{"line":178,"column":4},"end":{"line":178,"column":17}},"47":{"start":{"line":186,"column":4},"end":{"line":188,"column":5}},"48":{"start":{"line":187,"column":6},"end":{"line":187,"column":18}},"49":{"start":{"line":189,"column":4},"end":{"line":189,"column":47}},"50":{"start":{"line":197,"column":18},"end":{"line":197,"column":40}},"51":{"start":{"line":198,"column":4},"end":{"line":198,"column":25}},"52":{"start":{"line":198,"column":16},"end":{"line":198,"column":25}},"53":{"start":{"line":200,"column":4},"end":{"line":200,"column":56}},"54":{"start":{"line":208,"column":4},"end":{"line":208,"column":39}},"55":{"start":{"line":208,"column":30},"end":{"line":208,"column":39}},"56":{"start":{"line":209,"column":4},"end":{"line":209,"column":44}},"57":{"start":{"line":217,"column":21},"end":{"line":217,"column":51}},"58":{"start":{"line":218,"column":4},"end":{"line":218,"column":33}},"59":{"start":{"line":218,"column":24},"end":{"line":218,"column":33}},"60":{"start":{"line":220,"column":20},"end":{"line":220,"column":46}},"61":{"start":{"line":221,"column":4},"end":{"line":221,"column":43}},"62":{"start":{"line":229,"column":18},"end":{"line":229,"column":40}},"63":{"start":{"line":230,"column":4},"end":{"line":230,"column":25}},"64":{"start":{"line":230,"column":16},"end":{"line":230,"column":25}},"65":{"start":{"line":232,"column":21},"end":{"line":232,"column":44}},"66":{"start":{"line":233,"column":21},"end":{"line":233,"column":35}},"67":{"start":{"line":235,"column":4},"end":{"line":247,"column":5}},"68":{"start":{"line":236,"column":6},"end":{"line":246,"column":7}},"69":{"start":{"line":238,"column":8},"end":{"line":238,"column":68}},"70":{"start":{"line":239,"column":13},"end":{"line":246,"column":7}},"71":{"start":{"line":241,"column":8},"end":{"line":245,"column":9}},"72":{"start":{"line":242,"column":10},"end":{"line":242,"column":78}},"73":{"start":{"line":244,"column":10},"end":{"line":244,"column":86}},"74":{"start":{"line":250,"column":4},"end":{"line":250,"column":20}},"75":{"start":{"line":258,"column":4},"end":{"line":258,"column":41}},"76":{"start":{"line":258,"column":32},"end":{"line":258,"column":41}},"77":{"start":{"line":259,"column":4},"end":{"line":259,"column":46}},"78":{"start":{"line":267,"column":4},"end":{"line":267,"column":68}},"79":{"start":{"line":267,"column":59},"end":{"line":267,"column":68}},"80":{"start":{"line":269,"column":26},"end":{"line":269,"column":49}},"81":{"start":{"line":270,"column":4},"end":{"line":270,"column":75}},"82":{"start":{"line":278,"column":4},"end":{"line":293,"column":5}},"83":{"start":{"line":279,"column":20},"end":{"line":286,"column":7}},"84":{"start":{"line":288,"column":6},"end":{"line":288,"column":78}},"85":{"start":{"line":289,"column":6},"end":{"line":289,"column":18}},"86":{"start":{"line":291,"column":6},"end":{"line":291,"column":60}},"87":{"start":{"line":292,"column":6},"end":{"line":292,"column":19}},"88":{"start":{"line":301,"column":4},"end":{"line":319,"column":5}},"89":{"start":{"line":302,"column":25},"end":{"line":302,"column":73}},"90":{"start":{"line":303,"column":6},"end":{"line":303,"column":36}},"91":{"start":{"line":303,"column":23},"end":{"line":303,"column":36}},"92":{"start":{"line":305,"column":20},"end":{"line":305,"column":42}},"93":{"start":{"line":307,"column":6},"end":{"line":307,"column":47}},"94":{"start":{"line":308,"column":6},"end":{"line":308,"column":47}},"95":{"start":{"line":309,"column":6},"end":{"line":309,"column":55}},"96":{"start":{"line":310,"column":6},"end":{"line":310,"column":53}},"97":{"start":{"line":311,"column":6},"end":{"line":311,"column":51}},"98":{"start":{"line":312,"column":6},"end":{"line":312,"column":49}},"99":{"start":{"line":314,"column":6},"end":{"line":314,"column":55}},"100":{"start":{"line":315,"column":6},"end":{"line":315,"column":18}},"101":{"start":{"line":317,"column":6},"end":{"line":317,"column":60}},"102":{"start":{"line":318,"column":6},"end":{"line":318,"column":19}},"103":{"start":{"line":326,"column":4},"end":{"line":330,"column":5}},"104":{"start":{"line":327,"column":6},"end":{"line":327,"column":58}},"105":{"start":{"line":329,"column":6},"end":{"line":329,"column":61}},"106":{"start":{"line":338,"column":4},"end":{"line":348,"column":6}},"107":{"start":{"line":353,"column":0},"end":{"line":355,"column":1}},"108":{"start":{"line":354,"column":2},"end":{"line":354,"column":34}}},"fnMap":{"0":{"name":"(anonymous_0)","decl":{"start":{"line":25,"column":2},"end":{"line":25,"column":3}},"loc":{"start":{"line":25,"column":16},"end":{"line":87,"column":3}},"line":25},"1":{"name":"(anonymous_1)","decl":{"start":{"line":94,"column":2},"end":{"line":94,"column":3}},"loc":{"start":{"line":94,"column":30},"end":{"line":108,"column":3}},"line":94},"2":{"name":"(anonymous_2)","decl":{"start":{"line":114,"column":2},"end":{"line":114,"column":3}},"loc":{"start":{"line":114,"column":17},"end":{"line":122,"column":3}},"line":114},"3":{"name":"(anonymous_3)","decl":{"start":{"line":128,"column":2},"end":{"line":128,"column":3}},"loc":{"start":{"line":128,"column":18},"end":{"line":136,"column":3}},"line":128},"4":{"name":"(anonymous_4)","decl":{"start":{"line":142,"column":2},"end":{"line":142,"column":3}},"loc":{"start":{"line":142,"column":16},"end":{"line":155,"column":3}},"line":142},"5":{"name":"(anonymous_5)","decl":{"start":{"line":161,"column":2},"end":{"line":161,"column":3}},"loc":{"start":{"line":161,"column":14},"end":{"line":179,"column":3}},"line":161},"6":{"name":"(anonymous_6)","decl":{"start":{"line":185,"column":2},"end":{"line":185,"column":3}},"loc":{"start":{"line":185,"column":20},"end":{"line":190,"column":3}},"line":185},"7":{"name":"(anonymous_7)","decl":{"start":{"line":196,"column":2},"end":{"line":196,"column":3}},"loc":{"start":{"line":196,"column":28},"end":{"line":201,"column":3}},"line":196},"8":{"name":"(anonymous_8)","decl":{"start":{"line":207,"column":2},"end":{"line":207,"column":3}},"loc":{"start":{"line":207,"column":24},"end":{"line":210,"column":3}},"line":207},"9":{"name":"(anonymous_9)","decl":{"start":{"line":216,"column":2},"end":{"line":216,"column":3}},"loc":{"start":{"line":216,"column":21},"end":{"line":222,"column":3}},"line":216},"10":{"name":"(anonymous_10)","decl":{"start":{"line":228,"column":2},"end":{"line":228,"column":3}},"loc":{"start":{"line":228,"column":34},"end":{"line":251,"column":3}},"line":228},"11":{"name":"(anonymous_11)","decl":{"start":{"line":257,"column":2},"end":{"line":257,"column":3}},"loc":{"start":{"line":257,"column":26},"end":{"line":260,"column":3}},"line":257},"12":{"name":"(anonymous_12)","decl":{"start":{"line":266,"column":2},"end":{"line":266,"column":3}},"loc":{"start":{"line":266,"column":23},"end":{"line":271,"column":3}},"line":266},"13":{"name":"(anonymous_13)","decl":{"start":{"line":277,"column":2},"end":{"line":277,"column":3}},"loc":{"start":{"line":277,"column":14},"end":{"line":294,"column":3}},"line":277},"14":{"name":"(anonymous_14)","decl":{"start":{"line":300,"column":2},"end":{"line":300,"column":3}},"loc":{"start":{"line":300,"column":14},"end":{"line":320,"column":3}},"line":300},"15":{"name":"(anonymous_15)","decl":{"start":{"line":325,"column":2},"end":{"line":325,"column":3}},"loc":{"start":{"line":325,"column":15},"end":{"line":331,"column":3}},"line":325},"16":{"name":"(anonymous_16)","decl":{"start":{"line":337,"column":2},"end":{"line":337,"column":3}},"loc":{"start":{"line":337,"column":13},"end":{"line":349,"column":3}},"line":337}},"branchMap":{"0":{"loc":{"start":{"line":94,"column":15},"end":{"line":94,"column":28}},"type":"default-arg","locations":[{"start":{"line":94,"column":26},"end":{"line":94,"column":28}}],"line":94},"1":{"loc":{"start":{"line":95,"column":4},"end":{"line":98,"column":5}},"type":"if","locations":[{"start":{"line":95,"column":4},"end":{"line":98,"column":5}},{"start":{},"end":{}}],"line":95},"2":{"loc":{"start":{"line":115,"column":4},"end":{"line":117,"column":5}},"type":"if","locations":[{"start":{"line":115,"column":4},"end":{"line":117,"column":5}},{"start":{},"end":{}}],"line":115},"3":{"loc":{"start":{"line":115,"column":8},"end":{"line":115,"column":49}},"type":"binary-expr","locations":[{"start":{"line":115,"column":8},"end":{"line":115,"column":27}},{"start":{"line":115,"column":31},"end":{"line":115,"column":49}}],"line":115},"4":{"loc":{"start":{"line":129,"column":4},"end":{"line":131,"column":5}},"type":"if","locations":[{"start":{"line":129,"column":4},"end":{"line":131,"column":5}},{"start":{},"end":{}}],"line":129},"5":{"loc":{"start":{"line":129,"column":8},"end":{"line":129,"column":50}},"type":"binary-expr","locations":[{"start":{"line":129,"column":8},"end":{"line":129,"column":27}},{"start":{"line":129,"column":31},"end":{"line":129,"column":50}}],"line":129},"6":{"loc":{"start":{"line":143,"column":4},"end":{"line":145,"column":5}},"type":"if","locations":[{"start":{"line":143,"column":4},"end":{"line":145,"column":5}},{"start":{},"end":{}}],"line":143},"7":{"loc":{"start":{"line":162,"column":4},"end":{"line":165,"column":5}},"type":"if","locations":[{"start":{"line":162,"column":4},"end":{"line":165,"column":5}},{"start":{},"end":{}}],"line":162},"8":{"loc":{"start":{"line":169,"column":4},"end":{"line":172,"column":5}},"type":"if","locations":[{"start":{"line":169,"column":4},"end":{"line":172,"column":5}},{"start":{},"end":{}}],"line":169},"9":{"loc":{"start":{"line":186,"column":4},"end":{"line":188,"column":5}},"type":"if","locations":[{"start":{"line":186,"column":4},"end":{"line":188,"column":5}},{"start":{},"end":{}}],"line":186},"10":{"loc":{"start":{"line":186,"column":8},"end":{"line":186,"column":82}},"type":"binary-expr","locations":[{"start":{"line":186,"column":8},"end":{"line":186,"column":34}},{"start":{"line":186,"column":38},"end":{"line":186,"column":82}}],"line":186},"11":{"loc":{"start":{"line":198,"column":4},"end":{"line":198,"column":25}},"type":"if","locations":[{"start":{"line":198,"column":4},"end":{"line":198,"column":25}},{"start":{},"end":{}}],"line":198},"12":{"loc":{"start":{"line":208,"column":4},"end":{"line":208,"column":39}},"type":"if","locations":[{"start":{"line":208,"column":4},"end":{"line":208,"column":39}},{"start":{},"end":{}}],"line":208},"13":{"loc":{"start":{"line":218,"column":4},"end":{"line":218,"column":33}},"type":"if","locations":[{"start":{"line":218,"column":4},"end":{"line":218,"column":33}},{"start":{},"end":{}}],"line":218},"14":{"loc":{"start":{"line":230,"column":4},"end":{"line":230,"column":25}},"type":"if","locations":[{"start":{"line":230,"column":4},"end":{"line":230,"column":25}},{"start":{},"end":{}}],"line":230},"15":{"loc":{"start":{"line":235,"column":4},"end":{"line":247,"column":5}},"type":"if","locations":[{"start":{"line":235,"column":4},"end":{"line":247,"column":5}},{"start":{},"end":{}}],"line":235},"16":{"loc":{"start":{"line":236,"column":6},"end":{"line":246,"column":7}},"type":"if","locations":[{"start":{"line":236,"column":6},"end":{"line":246,"column":7}},{"start":{"line":239,"column":13},"end":{"line":246,"column":7}}],"line":236},"17":{"loc":{"start":{"line":239,"column":13},"end":{"line":246,"column":7}},"type":"if","locations":[{"start":{"line":239,"column":13},"end":{"line":246,"column":7}},{"start":{},"end":{}}],"line":239},"18":{"loc":{"start":{"line":241,"column":8},"end":{"line":245,"column":9}},"type":"if","locations":[{"start":{"line":241,"column":8},"end":{"line":245,"column":9}},{"start":{"line":243,"column":15},"end":{"line":245,"column":9}}],"line":241},"19":{"loc":{"start":{"line":258,"column":4},"end":{"line":258,"column":41}},"type":"if","locations":[{"start":{"line":258,"column":4},"end":{"line":258,"column":41}},{"start":{},"end":{}}],"line":258},"20":{"loc":{"start":{"line":267,"column":4},"end":{"line":267,"column":68}},"type":"if","locations":[{"start":{"line":267,"column":4},"end":{"line":267,"column":68}},{"start":{},"end":{}}],"line":267},"21":{"loc":{"start":{"line":267,"column":8},"end":{"line":267,"column":57}},"type":"binary-expr","locations":[{"start":{"line":267,"column":8},"end":{"line":267,"column":27}},{"start":{"line":267,"column":31},"end":{"line":267,"column":57}}],"line":267},"22":{"loc":{"start":{"line":303,"column":6},"end":{"line":303,"column":36}},"type":"if","locations":[{"start":{"line":303,"column":6},"end":{"line":303,"column":36}},{"start":{},"end":{}}],"line":303},"23":{"loc":{"start":{"line":353,"column":0},"end":{"line":355,"column":1}},"type":"if","locations":[{"start":{"line":353,"column":0},"end":{"line":355,"column":1}},{"start":{},"end":{}}],"line":353},"24":{"loc":{"start":{"line":353,"column":4},"end":{"line":353,"column":51}},"type":"binary-expr","locations":[{"start":{"line":353,"column":4},"end":{"line":353,"column":33}},{"start":{"line":353,"column":37},"end":{"line":353,"column":51}}],"line":353}},"s":{"0":47,"1":47,"2":47,"3":47,"4":47,"5":47,"6":47,"7":29,"8":1,"9":1,"10":28,"11":28,"12":28,"13":28,"14":28,"15":28,"16":28,"17":7,"18":2,"19":5,"20":5,"21":5,"22":4,"23":2,"24":2,"25":2,"26":2,"27":4,"28":1,"29":3,"30":3,"31":3,"32":3,"33":3,"34":3,"35":3,"36":35,"37":1,"38":1,"39":34,"40":34,"41":1,"42":1,"43":33,"44":33,"45":33,"46":33,"47":38,"48":3,"49":35,"50":25,"51":25,"52":2,"53":23,"54":22,"55":0,"56":22,"57":19,"58":19,"59":1,"60":18,"61":18,"62":7,"63":7,"64":0,"65":7,"66":7,"67":7,"68":4,"69":3,"70":1,"71":1,"72":1,"73":0,"74":3,"75":4,"76":0,"77":4,"78":6,"79":1,"80":5,"81":5,"82":3,"83":3,"84":3,"85":3,"86":0,"87":0,"88":1,"89":1,"90":1,"91":0,"92":1,"93":1,"94":1,"95":1,"96":1,"97":1,"98":1,"99":1,"100":1,"101":0,"102":0,"103":1,"104":1,"105":0,"106":4,"107":1,"108":1},"f":{"0":47,"1":29,"2":7,"3":4,"4":4,"5":35,"6":38,"7":25,"8":22,"9":19,"10":7,"11":4,"12":6,"13":3,"14":1,"15":1,"16":4},"b":{"0":[19],"1":[1,28],"2":[2,5],"3":[7,6],"4":[2,2],"5":[4,3],"6":[1,3],"7":[1,34],"8":[1,33],"9":[3,35],"10":[38,35],"11":[2,23],"12":[0,22],"13":[1,18],"14":[0,7],"15":[4,3],"16":[3,1],"17":[1,0],"18":[1,0],"19":[0,4],"20":[1,5],"21":[6,5],"22":[0,1],"23":[1,0],"24":[1,1]},"_coverageSchema":"1a1c01bbd47fc00a2c39e90264f33305004495a9","hash":"0edb1d2cf53ca411eb70ea7efb298ca6732fb49f"}
,"/home/runner/work/neural-entrainment-system/neural-entrainment-system/src/visualization/VisualizationEngine.js": {"path":"/home/runner/work/neural-entrainment-system/neural-entrainment-system/src/visualization/VisualizationEngine.js","statementMap":{"0":{"start":{"line":16,"column":4},"end":{"line":18,"column":5}},"1":{"start":{"line":17,"column":6},"end":{"line":17,"column":52}},"2":{"start":{"line":20,"column":4},"end":{"line":20,"column":25}},"3":{"start":{"line":21,"column":4},"end":{"line":21,"column":39}},"4":{"start":{"line":22,"column":4},"end":{"line":22,"column":27}},"5":{"start":{"line":23,"column":4},"end":{"line":23,"column":33}},"6":{"start":{"line":24,"column":4},"end":{"line":24,"column":18}},"7":{"start":{"line":25,"column":4},"end":{"line":29,"column":6}},"8":{"start":{"line":30,"column":4},"end":{"line":30,"column":31}},"9":{"start":{"line":38,"column":4},"end":{"line":46,"column":5}},"10":{"start":{"line":39,"column":6},"end":{"line":39,"column":26}},"11":{"start":{"line":40,"column":6},"end":{"line":40,"column":67}},"12":{"start":{"line":40,"column":46},"end":{"line":40,"column":65}},"13":{"start":{"line":41,"column":6},"end":{"line":41,"column":54}},"14":{"start":{"line":42,"column":6},"end":{"line":42,"column":18}},"15":{"start":{"line":44,"column":6},"end":{"line":44,"column":77}},"16":{"start":{"line":45,"column":6},"end":{"line":45,"column":19}},"17":{"start":{"line":53,"column":4},"end":{"line":53,"column":29}},"18":{"start":{"line":53,"column":22},"end":{"line":53,"column":29}},"19":{"start":{"line":55,"column":4},"end":{"line":55,"column":48}},"20":{"start":{"line":56,"column":4},"end":{"line":56,"column":50}},"21":{"start":{"line":63,"column":4},"end":{"line":66,"column":5}},"22":{"start":{"line":64,"column":6},"end":{"line":64,"column":52}},"23":{"start":{"line":65,"column":6},"end":{"line":65,"column":13}},"24":{"start":{"line":68,"column":4},"end":{"line":68,"column":26}},"25":{"start":{"line":69,"column":4},"end":{"line":69,"column":18}},"26":{"start":{"line":70,"column":4},"end":{"line":70,"column":18}},"27":{"start":{"line":77,"column":4},"end":{"line":77,"column":27}},"28":{"start":{"line":78,"column":4},"end":{"line":81,"column":5}},"29":{"start":{"line":79,"column":6},"end":{"line":79,"column":50}},"30":{"start":{"line":80,"column":6},"end":{"line":80,"column":35}},"31":{"start":{"line":89,"column":4},"end":{"line":89,"column":32}},"32":{"start":{"line":89,"column":25},"end":{"line":89,"column":32}},"33":{"start":{"line":91,"column":4},"end":{"line":91,"column":23}},"34":{"start":{"line":92,"column":4},"end":{"line":92,"column":40}},"35":{"start":{"line":93,"column":4},"end":{"line":93,"column":71}},"36":{"start":{"line":93,"column":56},"end":{"line":93,"column":69}},"37":{"start":{"line":102,"column":4},"end":{"line":102,"column":26}},"38":{"start":{"line":102,"column":19},"end":{"line":102,"column":26}},"39":{"start":{"line":104,"column":18},"end":{"line":104,"column":35}},"40":{"start":{"line":105,"column":19},"end":{"line":105,"column":37}},"41":{"start":{"line":108,"column":4},"end":{"line":108,"column":46}},"42":{"start":{"line":109,"column":4},"end":{"line":109,"column":43}},"43":{"start":{"line":112,"column":26},"end":{"line":112,"column":55}},"44":{"start":{"line":113,"column":22},"end":{"line":113,"column":52}},"45":{"start":{"line":116,"column":4},"end":{"line":130,"column":5}},"46":{"start":{"line":116,"column":17},"end":{"line":116,"column":18}},"47":{"start":{"line":117,"column":20},"end":{"line":117,"column":66}},"48":{"start":{"line":118,"column":23},"end":{"line":118,"column":93}},"49":{"start":{"line":119,"column":16},"end":{"line":119,"column":54}},"50":{"start":{"line":120,"column":16},"end":{"line":120,"column":55}},"51":{"start":{"line":121,"column":19},"end":{"line":121,"column":61}},"52":{"start":{"line":123,"column":6},"end":{"line":123,"column":27}},"53":{"start":{"line":124,"column":6},"end":{"line":124,"column":47}},"54":{"start":{"line":126,"column":18},"end":{"line":126,"column":46}},"55":{"start":{"line":127,"column":20},"end":{"line":127,"column":50}},"56":{"start":{"line":128,"column":6},"end":{"line":128,"column":62}},"57":{"start":{"line":129,"column":6},"end":{"line":129,"column":22}},"58":{"start":{"line":141,"column":4},"end":{"line":143,"column":5}},"59":{"start":{"line":142,"column":6},"end":{"line":142,"column":76}},"60":{"start":{"line":144,"column":4},"end":{"line":146,"column":5}},"61":{"start":{"line":145,"column":6},"end":{"line":145,"column":72}},"62":{"start":{"line":147,"column":4},"end":{"line":149,"column":5}},"63":{"start":{"line":148,"column":6},"end":{"line":148,"column":80}},"64":{"start":{"line":157,"column":4},"end":{"line":157,"column":32}},"65":{"start":{"line":165,"column":4},"end":{"line":173,"column":6}},"66":{"start":{"line":180,"column":4},"end":{"line":180,"column":16}},"67":{"start":{"line":181,"column":4},"end":{"line":181,"column":68}},"68":{"start":{"line":181,"column":47},"end":{"line":181,"column":66}},"69":{"start":{"line":183,"column":4},"end":{"line":185,"column":5}},"70":{"start":{"line":184,"column":6},"end":{"line":184,"column":70}},"71":{"start":{"line":190,"column":0},"end":{"line":192,"column":1}},"72":{"start":{"line":191,"column":2},"end":{"line":191,"column":39}}},"fnMap":{"0":{"name":"(anonymous_0)","decl":{"start":{"line":15,"column":2},"end":{"line":15,"column":3}},"loc":{"start":{"line":15,"column":22},"end":{"line":31,"column":3}},"line":15},"1":{"name":"(anonymous_1)","decl":{"start":{"line":37,"column":2},"end":{"line":37,"column":3}},"loc":{"start":{"line":37,"column":15},"end":{"line":47,"column":3}},"line":37},"2":{"name":"(anonymous_2)","decl":{"start":{"line":40,"column":40},"end":{"line":40,"column":41}},"loc":{"start":{"line":40,"column":46},"end":{"line":40,"column":65}},"line":40},"3":{"name":"(anonymous_3)","decl":{"start":{"line":52,"column":2},"end":{"line":52,"column":3}},"loc":{"start":{"line":52,"column":17},"end":{"line":57,"column":3}},"line":52},"4":{"name":"(anonymous_4)","decl":{"start":{"line":62,"column":2},"end":{"line":62,"column":3}},"loc":{"start":{"line":62,"column":10},"end":{"line":71,"column":3}},"line":62},"5":{"name":"(anonymous_5)","decl":{"start":{"line":76,"column":2},"end":{"line":76,"column":3}},"loc":{"start":{"line":76,"column":9},"end":{"line":82,"column":3}},"line":76},"6":{"name":"(anonymous_6)","decl":{"start":{"line":88,"column":2},"end":{"line":88,"column":3}},"loc":{"start":{"line":88,"column":11},"end":{"line":94,"column":3}},"line":88},"7":{"name":"(anonymous_7)","decl":{"start":{"line":93,"column":50},"end":{"line":93,"column":51}},"loc":{"start":{"line":93,"column":56},"end":{"line":93,"column":69}},"line":93},"8":{"name":"(anonymous_8)","decl":{"start":{"line":101,"column":2},"end":{"line":101,"column":3}},"loc":{"start":{"line":101,"column":28},"end":{"line":131,"column":3}},"line":101},"9":{"name":"(anonymous_9)","decl":{"start":{"line":140,"column":2},"end":{"line":140,"column":3}},"loc":{"start":{"line":140,"column":30},"end":{"line":150,"column":3}},"line":140},"10":{"name":"(anonymous_10)","decl":{"start":{"line":156,"column":2},"end":{"line":156,"column":3}},"loc":{"start":{"line":156,"column":27},"end":{"line":158,"column":3}},"line":156},"11":{"name":"(anonymous_11)","decl":{"start":{"line":164,"column":2},"end":{"line":164,"column":3}},"loc":{"start":{"line":164,"column":13},"end":{"line":174,"column":3}},"line":164},"12":{"name":"(anonymous_12)","decl":{"start":{"line":179,"column":2},"end":{"line":179,"column":3}},"loc":{"start":{"line":179,"column":12},"end":{"line":186,"column":3}},"line":179},"13":{"name":"(anonymous_13)","decl":{"start":{"line":181,"column":41},"end":{"line":181,"column":42}},"loc":{"start":{"line":181,"column":47},"end":{"line":181,"column":66}},"line":181}},"branchMap":{"0":{"loc":{"start":{"line":16,"column":4},"end":{"line":18,"column":5}},"type":"if","locations":[{"start":{"line":16,"column":4},"end":{"line":18,"column":5}},{"start":{},"end":{}}],"line":16},"1":{"loc":{"start":{"line":53,"column":4},"end":{"line":53,"column":29}},"type":"if","locations":[{"start":{"line":53,"column":4},"end":{"line":53,"column":29}},{"start":{},"end":{}}],"line":53},"2":{"loc":{"start":{"line":63,"column":4},"end":{"line":66,"column":5}},"type":"if","locations":[{"start":{"line":63,"column":4},"end":{"line":66,"column":5}},{"start":{},"end":{}}],"line":63},"3":{"loc":{"start":{"line":78,"column":4},"end":{"line":81,"column":5}},"type":"if","locations":[{"start":{"line":78,"column":4},"end":{"line":81,"column":5}},{"start":{},"end":{}}],"line":78},"4":{"loc":{"start":{"line":89,"column":4},"end":{"line":89,"column":32}},"type":"if","locations":[{"start":{"line":89,"column":4},"end":{"line":89,"column":32}},{"start":{},"end":{}}],"line":89},"5":{"loc":{"start":{"line":102,"column":4},"end":{"line":102,"column":26}},"type":"if","locations":[{"start":{"line":102,"column":4},"end":{"line":102,"column":26}},{"start":{},"end":{}}],"line":102},"6":{"loc":{"start":{"line":112,"column":26},"end":{"line":112,"column":55}},"type":"cond-expr","locations":[{"start":{"line":112,"column":47},"end":{"line":112,"column":50}},{"start":{"line":112,"column":53},"end":{"line":112,"column":55}}],"line":112},"7":{"loc":{"start":{"line":113,"column":22},"end":{"line":113,"column":52}},"type":"cond-expr","locations":[{"start":{"line":113,"column":43},"end":{"line":113,"column":46}},{"start":{"line":113,"column":49},"end":{"line":113,"column":52}}],"line":113},"8":{"loc":{"start":{"line":141,"column":4},"end":{"line":143,"column":5}},"type":"if","locations":[{"start":{"line":141,"column":4},"end":{"line":143,"column":5}},{"start":{},"end":{}}],"line":141},"9":{"loc":{"start":{"line":144,"column":4},"end":{"line":146,"column":5}},"type":"if","locations":[{"start":{"line":144,"column":4},"end":{"line":146,"column":5}},{"start":{},"end":{}}],"line":144},"10":{"loc":{"start":{"line":147,"column":4},"end":{"line":149,"column":5}},"type":"if","locations":[{"start":{"line":147,"column":4},"end":{"line":149,"column":5}},{"start":{},"end":{}}],"line":147},"11":{"loc":{"start":{"line":183,"column":4},"end":{"line":185,"column":5}},"type":"if","locations":[{"start":{"line":183,"column":4},"end":{"line":185,"column":5}},{"start":{},"end":{}}],"line":183},"12":{"loc":{"start":{"line":190,"column":0},"end":{"line":192,"column":1}},"type":"if","locations":[{"start":{"line":190,"column":0},"end":{"line":192,"column":1}},{"start":{},"end":{}}],"line":190},"13":{"loc":{"start":{"line":190,"column":4},"end":{"line":190,"column":51}},"type":"binary-expr","locations":[{"start":{"line":190,"column":4},"end":{"line":190,"column":33}},{"start":{"line":190,"column":37},"end":{"line":190,"column":51}}],"line":190}},"s":{"0":46,"1":1,"2":45,"3":45,"4":45,"5":45,"6":45,"7":45,"8":45,"9":5,"10":5,"11":5,"12":0,"13":5,"14":5,"15":0,"16":0,"17":7,"18":1,"19":6,"20":6,"21":9,"22":1,"23":1,"24":8,"25":8,"26":8,"27":53,"28":53,"29":10,"30":10,"31":11,"32":1,"33":10,"34":10,"35":10,"36":0,"37":18,"38":1,"39":17,"40":17,"41":17,"42":17,"43":17,"44":17,"45":17,"46":17,"47":950,"48":950,"49":950,"50":950,"51":950,"52":950,"53":950,"54":950,"55":950,"56":950,"57":950,"58":12,"59":6,"60":12,"61":4,"62":12,"63":4,"64":6,"65":5,"66":49,"67":49,"68":0,"69":49,"70":46,"71":1,"72":1},"f":{"0":46,"1":5,"2":0,"3":7,"4":9,"5":53,"6":11,"7":0,"8":18,"9":12,"10":6,"11":5,"12":49,"13":0},"b":{"0":[1,45],"1":[1,6],"2":[1,8],"3":[10,43],"4":[1,10],"5":[1,17],"6":[2,15],"7":[2,15],"8":[6,6],"9":[4,8],"10":[4,8],"11":[46,3],"12":[1,0],"13":[1,1]},"_coverageSchema":"1a1c01bbd47fc00a2c39e90264f33305004495a9","hash":"83407f5660d2add79e8051eeb214f263da22cb2d"}
}
