TN:
SF:src/audio/AudioEngine.js
FN:14,(anonymous_0)
FN:27,(anonymous_1)
FN:77,(anonymous_2)
FN:97,(anonymous_3)
FN:118,(anonymous_4)
FN:130,(anonymous_5)
FN:142,(anonymous_6)
FNF:7
FNH:7
FNDA:36,(anonymous_0)
FNDA:29,(anonymous_1)
FNDA:9,(anonymous_2)
FNDA:8,(anonymous_3)
FNDA:4,(anonymous_4)
FNDA:2,(anonymous_5)
FNDA:9,(anonymous_6)
DA:15,36
DA:16,36
DA:17,36
DA:18,36
DA:19,36
DA:28,29
DA:29,1
DA:30,1
DA:33,28
DA:35,28
DA:36,28
DA:37,0
DA:40,28
DA:43,5
DA:44,5
DA:47,5
DA:48,5
DA:51,5
DA:54,5
DA:55,5
DA:58,5
DA:60,5
DA:61,5
DA:62,5
DA:65,23
DA:66,23
DA:67,23
DA:68,23
DA:78,9
DA:79,9
DA:80,9
DA:83,0
DA:84,0
DA:87,0
DA:88,0
DA:89,0
DA:98,8
DA:99,8
DA:100,8
DA:103,0
DA:104,0
DA:107,0
DA:108,0
DA:110,0
DA:111,0
DA:119,4
DA:121,4
DA:122,0
DA:131,2
DA:143,9
DA:144,5
DA:145,5
DA:149,5
DA:150,5
DA:153,9
DA:154,5
DA:155,5
DA:158,9
DA:159,5
DA:160,5
DA:163,9
DA:168,1
DA:169,1
LF:63
LH:50
BRDA:28,0,0,1
BRDA:28,0,1,28
BRDA:35,1,0,28
BRDA:35,1,1,0
BRDA:36,2,0,0
BRDA:36,2,1,28
BRDA:78,3,0,9
BRDA:78,3,1,0
BRDA:78,4,0,9
BRDA:78,4,1,0
BRDA:83,5,0,0
BRDA:83,5,1,0
BRDA:83,6,0,0
BRDA:83,6,1,0
BRDA:98,7,0,8
BRDA:98,7,1,0
BRDA:98,8,0,8
BRDA:98,8,1,0
BRDA:103,9,0,0
BRDA:103,9,1,0
BRDA:103,10,0,0
BRDA:103,10,1,0
BRDA:121,11,0,0
BRDA:121,11,1,4
BRDA:121,12,0,4
BRDA:121,12,1,3
BRDA:134,13,0,0
BRDA:134,13,1,2
BRDA:135,14,0,0
BRDA:135,14,1,2
BRDA:143,15,0,5
BRDA:143,15,1,4
BRDA:153,16,0,5
BRDA:153,16,1,4
BRDA:158,17,0,5
BRDA:158,17,1,4
BRDA:168,18,0,1
BRDA:168,18,1,0
BRDA:168,19,0,1
BRDA:168,19,1,1
BRF:40
BRH:22
end_of_record
TN:
SF:src/session/SessionManager.js
FN:25,(anonymous_0)
FN:94,(anonymous_1)
FN:114,(anonymous_2)
FN:128,(anonymous_3)
FN:142,(anonymous_4)
FN:161,(anonymous_5)
FN:185,(anonymous_6)
FN:196,(anonymous_7)
FN:207,(anonymous_8)
FN:216,(anonymous_9)
FN:228,(anonymous_10)
FN:257,(anonymous_11)
FN:266,(anonymous_12)
FN:277,(anonymous_13)
FN:300,(anonymous_14)
FN:325,(anonymous_15)
FN:337,(anonymous_16)
FNF:17
FNH:17
FNDA:47,(anonymous_0)
FNDA:29,(anonymous_1)
FNDA:7,(anonymous_2)
FNDA:4,(anonymous_3)
FNDA:4,(anonymous_4)
FNDA:35,(anonymous_5)
FNDA:38,(anonymous_6)
FNDA:25,(anonymous_7)
FNDA:22,(anonymous_8)
FNDA:19,(anonymous_9)
FNDA:7,(anonymous_10)
FNDA:4,(anonymous_11)
FNDA:6,(anonymous_12)
FNDA:3,(anonymous_13)
FNDA:1,(anonymous_14)
FNDA:1,(anonymous_15)
FNDA:4,(anonymous_16)
DA:26,47
DA:27,47
DA:28,47
DA:29,47
DA:30,47
DA:31,47
DA:37,47
DA:95,29
DA:96,1
DA:97,1
DA:100,28
DA:101,28
DA:102,28
DA:103,28
DA:104,28
DA:106,28
DA:107,28
DA:115,7
DA:116,2
DA:119,5
DA:120,5
DA:121,5
DA:129,4
DA:130,2
DA:133,2
DA:134,2
DA:135,2
DA:143,4
DA:144,1
DA:147,3
DA:148,3
DA:149,3
DA:150,3
DA:151,3
DA:153,3
DA:154,3
DA:162,35
DA:163,1
DA:164,1
DA:167,34
DA:169,34
DA:170,1
DA:171,1
DA:174,33
DA:175,33
DA:176,33
DA:178,33
DA:186,38
DA:187,3
DA:189,35
DA:197,25
DA:198,25
DA:200,23
DA:208,22
DA:209,22
DA:217,19
DA:218,19
DA:220,18
DA:221,18
DA:229,7
DA:230,7
DA:232,7
DA:233,7
DA:235,7
DA:236,4
DA:238,3
DA:239,1
DA:241,1
DA:242,1
DA:244,0
DA:250,3
DA:258,4
DA:259,4
DA:267,6
DA:269,5
DA:270,5
DA:278,3
DA:279,3
DA:288,3
DA:289,3
DA:291,0
DA:292,0
DA:301,1
DA:302,1
DA:303,1
DA:305,1
DA:307,1
DA:308,1
DA:309,1
DA:310,1
DA:311,1
DA:312,1
DA:314,1
DA:315,1
DA:317,0
DA:318,0
DA:326,1
DA:327,1
DA:329,0
DA:338,4
DA:353,1
DA:354,1
LF:102
LH:96
BRDA:94,0,0,19
BRDA:95,1,0,1
BRDA:95,1,1,28
BRDA:115,2,0,2
BRDA:115,2,1,5
BRDA:115,3,0,7
BRDA:115,3,1,6
BRDA:129,4,0,2
BRDA:129,4,1,2
BRDA:129,5,0,4
BRDA:129,5,1,3
BRDA:143,6,0,1
BRDA:143,6,1,3
BRDA:162,7,0,1
BRDA:162,7,1,34
BRDA:169,8,0,1
BRDA:169,8,1,33
BRDA:186,9,0,3
BRDA:186,9,1,35
BRDA:186,10,0,38
BRDA:186,10,1,35
BRDA:198,11,0,2
BRDA:198,11,1,23
BRDA:208,12,0,0
BRDA:208,12,1,22
BRDA:218,13,0,1
BRDA:218,13,1,18
BRDA:230,14,0,0
BRDA:230,14,1,7
BRDA:235,15,0,4
BRDA:235,15,1,3
BRDA:236,16,0,3
BRDA:236,16,1,1
BRDA:239,17,0,1
BRDA:239,17,1,0
BRDA:241,18,0,1
BRDA:241,18,1,0
BRDA:258,19,0,0
BRDA:258,19,1,4
BRDA:267,20,0,1
BRDA:267,20,1,5
BRDA:267,21,0,6
BRDA:267,21,1,5
BRDA:303,22,0,0
BRDA:303,22,1,1
BRDA:353,23,0,1
BRDA:353,23,1,0
BRDA:353,24,0,1
BRDA:353,24,1,1
BRF:49
BRH:42
end_of_record
TN:
SF:src/visualization/VisualizationEngine.js
FN:15,(anonymous_0)
FN:37,(anonymous_1)
FN:40,(anonymous_2)
FN:52,(anonymous_3)
FN:62,(anonymous_4)
FN:76,(anonymous_5)
FN:88,(anonymous_6)
FN:93,(anonymous_7)
FN:101,(anonymous_8)
FN:140,(anonymous_9)
FN:156,(anonymous_10)
FN:164,(anonymous_11)
FN:179,(anonymous_12)
FN:181,(anonymous_13)
FNF:14
FNH:11
FNDA:46,(anonymous_0)
FNDA:5,(anonymous_1)
FNDA:0,(anonymous_2)
FNDA:7,(anonymous_3)
FNDA:9,(anonymous_4)
FNDA:53,(anonymous_5)
FNDA:11,(anonymous_6)
FNDA:0,(anonymous_7)
FNDA:18,(anonymous_8)
FNDA:12,(anonymous_9)
FNDA:6,(anonymous_10)
FNDA:5,(anonymous_11)
FNDA:49,(anonymous_12)
FNDA:0,(anonymous_13)
DA:16,46
DA:17,1
DA:20,45
DA:21,45
DA:22,45
DA:23,45
DA:24,45
DA:25,45
DA:30,45
DA:38,5
DA:39,5
DA:40,5
DA:41,5
DA:42,5
DA:44,0
DA:45,0
DA:53,7
DA:55,6
DA:56,6
DA:63,9
DA:64,1
DA:65,1
DA:68,8
DA:69,8
DA:70,8
DA:77,53
DA:78,53
DA:79,10
DA:80,10
DA:89,11
DA:91,10
DA:92,10
DA:93,10
DA:102,18
DA:104,17
DA:105,17
DA:108,17
DA:109,17
DA:112,17
DA:113,17
DA:116,17
DA:117,950
DA:118,950
DA:119,950
DA:120,950
DA:121,950
DA:123,950
DA:124,950
DA:126,950
DA:127,950
DA:128,950
DA:129,950
DA:141,12
DA:142,6
DA:144,12
DA:145,4
DA:147,12
DA:148,4
DA:157,6
DA:165,5
DA:180,49
DA:181,49
DA:183,49
DA:184,46
DA:190,1
DA:191,1
LF:66
LH:64
BRDA:16,0,0,1
BRDA:16,0,1,45
BRDA:53,1,0,1
BRDA:53,1,1,6
BRDA:63,2,0,1
BRDA:63,2,1,8
BRDA:78,3,0,10
BRDA:78,3,1,43
BRDA:89,4,0,1
BRDA:89,4,1,10
BRDA:102,5,0,1
BRDA:102,5,1,17
BRDA:112,6,0,2
BRDA:112,6,1,15
BRDA:113,7,0,2
BRDA:113,7,1,15
BRDA:141,8,0,6
BRDA:141,8,1,6
BRDA:144,9,0,4
BRDA:144,9,1,8
BRDA:147,10,0,4
BRDA:147,10,1,8
BRDA:183,11,0,46
BRDA:183,11,1,3
BRDA:190,12,0,1
BRDA:190,12,1,0
BRDA:190,13,0,1
BRDA:190,13,1,1
BRF:28
BRH:27
end_of_record
